# JRE version: OpenJDK Runtime Environment (17.0.7) (build 17.0.7+0-b2043.56-10550314)
# Java VM: OpenJDK 64-Bit Server VM (17.0.7+0-b2043.56-10550314, mixed mode, tiered, compressed oops, compressed class ptrs, g1 gc, windows-amd64)
GC Precious Log:
 CPUs: 4 total, 4 available
 Memory: 12219M
 Large Page Support: Disabled
 NUMA Support: Disabled
 Compressed Oops: Enabled (32-bit)
 Heap Region Size: 1M
 Heap Min Capacity: 8M
 Heap Initial Capacity: 192M
 Heap Max Capacity: 2G
 Pre-touch: Disabled
 Parallel Workers: 4
 Concurrent Workers: 1
 Concurrent Refinement Workers: 4
 Periodic GC: Disabled
Heap:
 garbage-first heap   total 191488K, used 127375K [0x0000000080000000, 0x0000000100000000)
  region size 1024K, 56 young (57344K), 10 survivors (10240K)
 Metaspace       used 62778K, committed 63360K, reserved 1114112K
  class space    used 8444K, committed 8704K, reserved 1048576K
GC Heap History (20 events):
Event: 3.789 GC heap before
{Heap before GC invocations=10 (full 0):
 garbage-first heap   total 80896K, used 55825K [0x0000000080000000, 0x0000000100000000)
  region size 1024K, 12 young (12288K), 1 survivors (1024K)
 Metaspace       used 30730K, committed 31104K, reserved 1114112K
  class space    used 4169K, committed 4352K, reserved 1048576K
}
Event: 3.792 GC heap after
{Heap after GC invocations=11 (full 0):
 garbage-first heap   total 80896K, used 47834K [0x0000000080000000, 0x0000000100000000)
  region size 1024K, 2 young (2048K), 2 survivors (2048K)
 Metaspace       used 30730K, committed 31104K, reserved 1114112K
  class space    used 4169K, committed 4352K, reserved 1048576K
}
Event: 3.806 GC heap before
{Heap before GC invocations=11 (full 0):
 garbage-first heap   total 80896K, used 48858K [0x0000000080000000, 0x0000000100000000)
  region size 1024K, 3 young (3072K), 2 survivors (2048K)
 Metaspace       used 30818K, committed 31168K, reserved 1114112K
  class space    used 4183K, committed 4352K, reserved 1048576K
}
Event: 3.809 GC heap after
{Heap after GC invocations=12 (full 0):
 garbage-first heap   total 105472K, used 48166K [0x0000000080000000, 0x0000000100000000)
  region size 1024K, 1 young (1024K), 1 survivors (1024K)
 Metaspace       used 30818K, committed 31168K, reserved 1114112K
  class space    used 4183K, committed 4352K, reserved 1048576K
}
Event: 4.311 GC heap before
{Heap before GC invocations=12 (full 0):
 garbage-first heap   total 105472K, used 77862K [0x0000000080000000, 0x0000000100000000)
  region size 1024K, 30 young (30720K), 1 survivors (1024K)
 Metaspace       used 34513K, committed 34944K, reserved 1114112K
  class space    used 4782K, committed 4992K, reserved 1048576K
}
Event: 4.317 GC heap after
{Heap after GC invocations=13 (full 0):
 garbage-first heap   total 105472K, used 49427K [0x0000000080000000, 0x0000000100000000)
  region size 1024K, 2 young (2048K), 2 survivors (2048K)
 Metaspace       used 34513K, committed 34944K, reserved 1114112K
  class space    used 4782K, committed 4992K, reserved 1048576K
}
Event: 4.907 GC heap before
{Heap before GC invocations=14 (full 0):
 garbage-first heap   total 105472K, used 79123K [0x0000000080000000, 0x0000000100000000)
  region size 1024K, 32 young (32768K), 2 survivors (2048K)
 Metaspace       used 41393K, committed 41792K, reserved 1114112K
  class space    used 5568K, committed 5760K, reserved 1048576K
}
Event: 4.915 GC heap after
{Heap after GC invocations=15 (full 0):
 garbage-first heap   total 105472K, used 52090K [0x0000000080000000, 0x0000000100000000)
  region size 1024K, 4 young (4096K), 4 survivors (4096K)
 Metaspace       used 41393K, committed 41792K, reserved 1114112K
  class space    used 5568K, committed 5760K, reserved 1048576K
}
Event: 5.236 GC heap before
{Heap before GC invocations=15 (full 0):
 garbage-first heap   total 105472K, used 77690K [0x0000000080000000, 0x0000000100000000)
  region size 1024K, 31 young (31744K), 4 survivors (4096K)
 Metaspace       used 42614K, committed 43008K, reserved 1114112K
  class space    used 5683K, committed 5888K, reserved 1048576K
}
Event: 5.247 GC heap after
{Heap after GC invocations=16 (full 0):
 garbage-first heap   total 105472K, used 55625K [0x0000000080000000, 0x0000000100000000)
  region size 1024K, 4 young (4096K), 4 survivors (4096K)
 Metaspace       used 42614K, committed 43008K, reserved 1114112K
  class space    used 5683K, committed 5888K, reserved 1048576K
}
Event: 5.837 GC heap before
{Heap before GC invocations=17 (full 0):
 garbage-first heap   total 105472K, used 88393K [0x0000000080000000, 0x0000000100000000)
  region size 1024K, 31 young (31744K), 4 survivors (4096K)
 Metaspace       used 46618K, committed 47040K, reserved 1114112K
  class space    used 6188K, committed 6400K, reserved 1048576K
}
Event: 5.844 GC heap after
{Heap after GC invocations=18 (full 0):
 garbage-first heap   total 105472K, used 56662K [0x0000000080000000, 0x0000000100000000)
  region size 1024K, 2 young (2048K), 2 survivors (2048K)
 Metaspace       used 46618K, committed 47040K, reserved 1114112K
  class space    used 6188K, committed 6400K, reserved 1048576K
}
Event: 6.680 GC heap before
{Heap before GC invocations=18 (full 0):
 garbage-first heap   total 105472K, used 70998K [0x0000000080000000, 0x0000000100000000)
  region size 1024K, 18 young (18432K), 2 survivors (2048K)
 Metaspace       used 47645K, committed 48064K, reserved 1114112K
  class space    used 6340K, committed 6528K, reserved 1048576K
}
Event: 6.687 GC heap after
{Heap after GC invocations=19 (full 0):
 garbage-first heap   total 105472K, used 58700K [0x0000000080000000, 0x0000000100000000)
  region size 1024K, 4 young (4096K), 4 survivors (4096K)
 Metaspace       used 47645K, committed 48064K, reserved 1114112K
  class space    used 6340K, committed 6528K, reserved 1048576K
}
Event: 7.169 GC heap before
{Heap before GC invocations=20 (full 0):
 garbage-first heap   total 116736K, used 88396K [0x0000000080000000, 0x0000000100000000)
  region size 1024K, 29 young (29696K), 4 survivors (4096K)
 Metaspace       used 50452K, committed 50944K, reserved 1114112K
  class space    used 6625K, committed 6848K, reserved 1048576K
}
Event: 7.179 GC heap after
{Heap after GC invocations=21 (full 0):
 garbage-first heap   total 116736K, used 64158K [0x0000000080000000, 0x0000000100000000)
  region size 1024K, 3 young (3072K), 3 survivors (3072K)
 Metaspace       used 50452K, committed 50944K, reserved 1114112K
  class space    used 6625K, committed 6848K, reserved 1048576K
}
Event: 7.606 GC heap before
{Heap before GC invocations=21 (full 0):
 garbage-first heap   total 116736K, used 91806K [0x0000000080000000, 0x0000000100000000)
  region size 1024K, 31 young (31744K), 3 survivors (3072K)
 Metaspace       used 52610K, committed 53184K, reserved 1114112K
  class space    used 7025K, committed 7296K, reserved 1048576K
}
Event: 7.611 GC heap after
{Heap after GC invocations=22 (full 0):
 garbage-first heap   total 191488K, used 65626K [0x0000000080000000, 0x0000000100000000)
  region size 1024K, 2 young (2048K), 2 survivors (2048K)
 Metaspace       used 52610K, committed 53184K, reserved 1114112K
  class space    used 7025K, committed 7296K, reserved 1048576K
}
Event: 8.986 GC heap before
{Heap before GC invocations=23 (full 0):
 garbage-first heap   total 191488K, used 149594K [0x0000000080000000, 0x0000000100000000)
  region size 1024K, 79 young (80896K), 2 survivors (2048K)
 Metaspace       used 58037K, committed 58624K, reserved 1114112K
  class space    used 7835K, committed 8128K, reserved 1048576K
}
Event: 8.996 GC heap after
{Heap after GC invocations=24 (full 0):
 garbage-first heap   total 191488K, used 81295K [0x0000000080000000, 0x0000000100000000)
  region size 1024K, 10 young (10240K), 10 survivors (10240K)
 Metaspace       used 58037K, committed 58624K, reserved 1114112K
  class space    used 7835K, committed 8128K, reserved 1048576K
}

